# JRE version: OpenJDK Runtime Environment (21.0.6) (build 21.0.6+-13368085-b895.109)
# Java VM: OpenJDK 64-Bit Server VM (21.0.6+-13368085-b895.109, mixed mode, tiered, compressed oops, compressed class ptrs, g1 gc, windows-amd64)
GC Precious Log:
 CardTable entry size: 512
 Card Set container configuration: InlinePtr #cards 5 size 8 Array Of Cards #cards 12 size 40 Howl #buckets 4 coarsen threshold 1843 Howl Bitmap #cards 512 size 80 coarsen threshold 460 Card regions per heap region 1 cards per card region 2048
 CPUs: 4 total, 4 available
 Memory: 3838M
 Large Page Support: Disabled
 NUMA Support: Disabled
 Compressed Oops: Enabled (32-bit)
 Heap Region Size: 1M
 Heap Min Capacity: 8M
 Heap Initial Capacity: 60M
 Heap Max Capacity: 960M
 Pre-touch: Disabled
 Parallel Workers: 4
 Concurrent Workers: 1
 Concurrent Refinement Workers: 4
 Periodic GC: Disabled
Heap:
 garbage-first heap   total 83968K, used 55144K [0x00000000c4000000, 0x0000000100000000)
  region size 1024K, 3 young (3072K), 3 survivors (3072K)
 Metaspace       used 54789K, committed 55040K, reserved 1114112K
  class space    used 6152K, committed 6272K, reserved 1048576K
GC Heap History (20 events):
Event: 3.906 GC heap after
{Heap after GC invocations=11 (full 0):
 garbage-first heap   total 47104K, used 21598K [0x00000000c4000000, 0x0000000100000000)
  region size 1024K, 3 young (3072K), 3 survivors (3072K)
 Metaspace       used 45239K, committed 45504K, reserved 1114112K
  class space    used 5219K, committed 5376K, reserved 1048576K
}
Event: 4.270 GC heap before
{Heap before GC invocations=11 (full 0):
 garbage-first heap   total 47104K, used 39006K [0x00000000c4000000, 0x0000000100000000)
  region size 1024K, 20 young (20480K), 3 survivors (3072K)
 Metaspace       used 48472K, committed 48832K, reserved 1114112K
  class space    used 5541K, committed 5696K, reserved 1048576K
}
Event: 4.281 GC heap after
{Heap after GC invocations=12 (full 0):
 garbage-first heap   total 47104K, used 24229K [0x00000000c4000000, 0x0000000100000000)
  region size 1024K, 3 young (3072K), 3 survivors (3072K)
 Metaspace       used 48472K, committed 48832K, reserved 1114112K
  class space    used 5541K, committed 5696K, reserved 1048576K
}
Event: 4.636 GC heap before
{Heap before GC invocations=12 (full 0):
 garbage-first heap   total 47104K, used 39589K [0x00000000c4000000, 0x0000000100000000)
  region size 1024K, 18 young (18432K), 3 survivors (3072K)
 Metaspace       used 49455K, committed 49728K, reserved 1114112K
  class space    used 5626K, committed 5760K, reserved 1048576K
}
Event: 4.648 GC heap after
{Heap after GC invocations=13 (full 0):
 garbage-first heap   total 47104K, used 28672K [0x00000000c4000000, 0x0000000100000000)
  region size 1024K, 3 young (3072K), 3 survivors (3072K)
 Metaspace       used 49455K, committed 49728K, reserved 1114112K
  class space    used 5626K, committed 5760K, reserved 1048576K
}
Event: 4.956 GC heap before
{Heap before GC invocations=14 (full 0):
 garbage-first heap   total 48128K, used 39936K [0x00000000c4000000, 0x0000000100000000)
  region size 1024K, 14 young (14336K), 3 survivors (3072K)
 Metaspace       used 49957K, committed 50304K, reserved 1114112K
  class space    used 5666K, committed 5824K, reserved 1048576K
}
Event: 4.965 GC heap after
{Heap after GC invocations=15 (full 0):
 garbage-first heap   total 48128K, used 31045K [0x00000000c4000000, 0x0000000100000000)
  region size 1024K, 2 young (2048K), 2 survivors (2048K)
 Metaspace       used 49957K, committed 50304K, reserved 1114112K
  class space    used 5666K, committed 5824K, reserved 1048576K
}
Event: 4.990 GC heap before
{Heap before GC invocations=15 (full 0):
 garbage-first heap   total 48128K, used 41285K [0x00000000c4000000, 0x0000000100000000)
  region size 1024K, 12 young (12288K), 2 survivors (2048K)
 Metaspace       used 49983K, committed 50304K, reserved 1114112K
  class space    used 5667K, committed 5824K, reserved 1048576K
}
Event: 5.000 GC heap after
{Heap after GC invocations=16 (full 0):
 garbage-first heap   total 60416K, used 35640K [0x00000000c4000000, 0x0000000100000000)
  region size 1024K, 2 young (2048K), 2 survivors (2048K)
 Metaspace       used 49983K, committed 50304K, reserved 1114112K
  class space    used 5667K, committed 5824K, reserved 1048576K
}
Event: 5.073 GC heap before
{Heap before GC invocations=16 (full 0):
 garbage-first heap   total 60416K, used 48952K [0x00000000c4000000, 0x0000000100000000)
  region size 1024K, 16 young (16384K), 2 survivors (2048K)
 Metaspace       used 50041K, committed 50368K, reserved 1114112K
  class space    used 5667K, committed 5824K, reserved 1048576K
}
Event: 5.081 GC heap after
{Heap after GC invocations=17 (full 0):
 garbage-first heap   total 60416K, used 40740K [0x00000000c4000000, 0x0000000100000000)
  region size 1024K, 2 young (2048K), 2 survivors (2048K)
 Metaspace       used 50041K, committed 50368K, reserved 1114112K
  class space    used 5667K, committed 5824K, reserved 1048576K
}
Event: 5.189 GC heap before
{Heap before GC invocations=18 (full 0):
 garbage-first heap   total 68608K, used 50980K [0x00000000c4000000, 0x0000000100000000)
  region size 1024K, 12 young (12288K), 2 survivors (2048K)
 Metaspace       used 50197K, committed 50496K, reserved 1114112K
  class space    used 5674K, committed 5824K, reserved 1048576K
}
Event: 5.195 GC heap after
{Heap after GC invocations=19 (full 0):
 garbage-first heap   total 68608K, used 43835K [0x00000000c4000000, 0x0000000100000000)
  region size 1024K, 2 young (2048K), 2 survivors (2048K)
 Metaspace       used 50197K, committed 50496K, reserved 1114112K
  class space    used 5674K, committed 5824K, reserved 1048576K
}
Event: 5.286 GC heap before
{Heap before GC invocations=19 (full 0):
 garbage-first heap   total 68608K, used 57147K [0x00000000c4000000, 0x0000000100000000)
  region size 1024K, 16 young (16384K), 2 survivors (2048K)
 Metaspace       used 50611K, committed 50944K, reserved 1114112K
  class space    used 5740K, committed 5888K, reserved 1048576K
}
Event: 5.293 GC heap after
{Heap after GC invocations=20 (full 0):
 garbage-first heap   total 68608K, used 47001K [0x00000000c4000000, 0x0000000100000000)
  region size 1024K, 2 young (2048K), 2 survivors (2048K)
 Metaspace       used 50611K, committed 50944K, reserved 1114112K
  class space    used 5740K, committed 5888K, reserved 1048576K
}
Event: 5.536 GC heap before
{Heap before GC invocations=20 (full 0):
 garbage-first heap   total 68608K, used 58265K [0x00000000c4000000, 0x0000000100000000)
  region size 1024K, 14 young (14336K), 2 survivors (2048K)
 Metaspace       used 53287K, committed 53568K, reserved 1114112K
  class space    used 6027K, committed 6144K, reserved 1048576K
}
Event: 5.540 GC heap after
{Heap after GC invocations=21 (full 0):
 garbage-first heap   total 68608K, used 48890K [0x00000000c4000000, 0x0000000100000000)
  region size 1024K, 2 young (2048K), 2 survivors (2048K)
 Metaspace       used 53287K, committed 53568K, reserved 1114112K
  class space    used 6027K, committed 6144K, reserved 1048576K
}
Event: 5.739 GC heap before
{Heap before GC invocations=22 (full 0):
 garbage-first heap   total 83968K, used 60154K [0x00000000c4000000, 0x0000000100000000)
  region size 1024K, 13 young (13312K), 2 survivors (2048K)
 Metaspace       used 53790K, committed 54080K, reserved 1114112K
  class space    used 6083K, committed 6208K, reserved 1048576K
}
Event: 5.748 GC heap after
{Heap after GC invocations=23 (full 0):
 garbage-first heap   total 83968K, used 51923K [0x00000000c4000000, 0x0000000100000000)
  region size 1024K, 2 young (2048K), 2 survivors (2048K)
 Metaspace       used 53790K, committed 54080K, reserved 1114112K
  class space    used 6083K, committed 6208K, reserved 1048576K
}
Event: 6.159 GC heap before
{Heap before GC invocations=23 (full 0):
 garbage-first heap   total 83968K, used 72403K [0x00000000c4000000, 0x0000000100000000)
  region size 1024K, 22 young (22528K), 2 survivors (2048K)
 Metaspace       used 54789K, committed 55040K, reserved 1114112K
  class space    used 6152K, committed 6272K, reserved 1048576K
}

