# JRE version: OpenJDK Runtime Environment (21.0.6) (build 21.0.6+-13368085-b895.109)
# Java VM: OpenJDK 64-Bit Server VM (21.0.6+-13368085-b895.109, mixed mode, tiered, compressed oops, compressed class ptrs, g1 gc, windows-amd64)
GC Precious Log:
 CardTable entry size: 512
 Card Set container configuration: InlinePtr #cards 5 size 8 Array Of Cards #cards 12 size 40 Howl #buckets 4 coarsen threshold 1843 Howl Bitmap #cards 512 size 80 coarsen threshold 460 Card regions per heap region 1 cards per card region 2048
 CPUs: 4 total, 4 available
 Memory: 3838M
 Large Page Support: Disabled
 NUMA Support: Disabled
 Compressed Oops: Enabled (32-bit)
 Heap Region Size: 1M
 Heap Min Capacity: 8M
 Heap Initial Capacity: 60M
 Heap Max Capacity: 960M
 Pre-touch: Disabled
 Parallel Workers: 4
 Concurrent Workers: 1
 Concurrent Refinement Workers: 4
 Periodic GC: Disabled
Heap:
 garbage-first heap   total 47104K, used 32684K [0x00000000c4000000, 0x0000000100000000)
  region size 1024K, 17 young (17408K), 3 survivors (3072K)
 Metaspace       used 43542K, committed 43776K, reserved 1114112K
  class space    used 5039K, committed 5184K, reserved 1048576K
GC Heap History (16 events):
Event: 0.861 GC heap before
{Heap before GC invocations=0 (full 0):
 garbage-first heap   total 61440K, used 16384K [0x00000000c4000000, 0x0000000100000000)
  region size 1024K, 13 young (13312K), 0 survivors (0K)
 Metaspace       used 11186K, committed 11328K, reserved 1114112K
  class space    used 941K, committed 1024K, reserved 1048576K
}
Event: 0.868 GC heap after
{Heap after GC invocations=1 (full 0):
 garbage-first heap   total 61440K, used 5504K [0x00000000c4000000, 0x0000000100000000)
  region size 1024K, 2 young (2048K), 2 survivors (2048K)
 Metaspace       used 11186K, committed 11328K, reserved 1114112K
  class space    used 941K, committed 1024K, reserved 1048576K
}
Event: 1.264 GC heap before
{Heap before GC invocations=1 (full 0):
 garbage-first heap   total 61440K, used 24960K [0x00000000c4000000, 0x0000000100000000)
  region size 1024K, 22 young (22528K), 2 survivors (2048K)
 Metaspace       used 17055K, committed 17216K, reserved 1114112K
  class space    used 1659K, committed 1728K, reserved 1048576K
}
Event: 1.269 GC heap after
{Heap after GC invocations=2 (full 0):
 garbage-first heap   total 61440K, used 6914K [0x00000000c4000000, 0x0000000100000000)
  region size 1024K, 2 young (2048K), 2 survivors (2048K)
 Metaspace       used 17055K, committed 17216K, reserved 1114112K
  class space    used 1659K, committed 1728K, reserved 1048576K
}
Event: 1.589 GC heap before
{Heap before GC invocations=2 (full 0):
 garbage-first heap   total 61440K, used 17154K [0x00000000c4000000, 0x0000000100000000)
  region size 1024K, 14 young (14336K), 2 survivors (2048K)
 Metaspace       used 21306K, committed 21504K, reserved 1114112K
  class space    used 2165K, committed 2240K, reserved 1048576K
}
Event: 1.592 GC heap after
{Heap after GC invocations=3 (full 0):
 garbage-first heap   total 61440K, used 7508K [0x00000000c4000000, 0x0000000100000000)
  region size 1024K, 3 young (3072K), 3 survivors (3072K)
 Metaspace       used 21306K, committed 21504K, reserved 1114112K
  class space    used 2165K, committed 2240K, reserved 1048576K
}
Event: 2.022 GC heap before
{Heap before GC invocations=4 (full 0):
 garbage-first heap   total 30720K, used 29012K [0x00000000c4000000, 0x0000000100000000)
  region size 1024K, 24 young (24576K), 3 survivors (3072K)
 Metaspace       used 25201K, committed 25408K, reserved 1114112K
  class space    used 2651K, committed 2752K, reserved 1048576K
}
Event: 2.033 GC heap after
{Heap after GC invocations=5 (full 0):
 garbage-first heap   total 38912K, used 13525K [0x00000000c4000000, 0x0000000100000000)
  region size 1024K, 5 young (5120K), 5 survivors (5120K)
 Metaspace       used 25201K, committed 25408K, reserved 1114112K
  class space    used 2651K, committed 2752K, reserved 1048576K
}
Event: 2.291 GC heap before
{Heap before GC invocations=5 (full 0):
 garbage-first heap   total 38912K, used 27861K [0x00000000c4000000, 0x0000000100000000)
  region size 1024K, 19 young (19456K), 5 survivors (5120K)
 Metaspace       used 28188K, committed 28416K, reserved 1114112K
  class space    used 3016K, committed 3136K, reserved 1048576K
}
Event: 2.302 GC heap after
{Heap after GC invocations=6 (full 0):
 garbage-first heap   total 38912K, used 16300K [0x00000000c4000000, 0x0000000100000000)
  region size 1024K, 3 young (3072K), 3 survivors (3072K)
 Metaspace       used 28188K, committed 28416K, reserved 1114112K
  class space    used 3016K, committed 3136K, reserved 1048576K
}
Event: 2.619 GC heap before
{Heap before GC invocations=6 (full 0):
 garbage-first heap   total 38912K, used 27564K [0x00000000c4000000, 0x0000000100000000)
  region size 1024K, 15 young (15360K), 3 survivors (3072K)
 Metaspace       used 32570K, committed 32832K, reserved 1114112K
  class space    used 3964K, committed 4096K, reserved 1048576K
}
Event: 2.625 GC heap after
{Heap after GC invocations=7 (full 0):
 garbage-first heap   total 47104K, used 17067K [0x00000000c4000000, 0x0000000100000000)
  region size 1024K, 1 young (1024K), 1 survivors (1024K)
 Metaspace       used 32570K, committed 32832K, reserved 1114112K
  class space    used 3964K, committed 4096K, reserved 1048576K
}
Event: 3.140 GC heap before
{Heap before GC invocations=7 (full 0):
 garbage-first heap   total 47104K, used 31403K [0x00000000c4000000, 0x0000000100000000)
  region size 1024K, 17 young (17408K), 1 survivors (1024K)
 Metaspace       used 35897K, committed 36096K, reserved 1114112K
  class space    used 4298K, committed 4416K, reserved 1048576K
}
Event: 3.144 GC heap after
{Heap after GC invocations=8 (full 0):
 garbage-first heap   total 47104K, used 18519K [0x00000000c4000000, 0x0000000100000000)
  region size 1024K, 3 young (3072K), 3 survivors (3072K)
 Metaspace       used 35897K, committed 36096K, reserved 1114112K
  class space    used 4298K, committed 4416K, reserved 1048576K
}
Event: 4.562 GC heap before
{Heap before GC invocations=9 (full 0):
 garbage-first heap   total 47104K, used 35927K [0x00000000c4000000, 0x0000000100000000)
  region size 1024K, 21 young (21504K), 3 survivors (3072K)
 Metaspace       used 40869K, committed 41152K, reserved 1114112K
  class space    used 4794K, committed 4928K, reserved 1048576K
}
Event: 4.568 GC heap after
{Heap after GC invocations=10 (full 0):
 garbage-first heap   total 47104K, used 19372K [0x00000000c4000000, 0x0000000100000000)
  region size 1024K, 3 young (3072K), 3 survivors (3072K)
 Metaspace       used 40869K, committed 41152K, reserved 1114112K
  class space    used 4794K, committed 4928K, reserved 1048576K
}

