# JRE version: OpenJDK Runtime Environment (21.0.6) (build 21.0.6+-13368085-b895.109)
# Java VM: OpenJDK 64-Bit Server VM (21.0.6+-13368085-b895.109, mixed mode, tiered, compressed oops, compressed class ptrs, g1 gc, windows-amd64)
GC Precious Log:
 CardTable entry size: 512
 Card Set container configuration: InlinePtr #cards 5 size 8 Array Of Cards #cards 12 size 40 Howl #buckets 4 coarsen threshold 1843 Howl Bitmap #cards 512 size 80 coarsen threshold 460 Card regions per heap region 1 cards per card region 2048
 CPUs: 4 total, 4 available
 Memory: 3838M
 Large Page Support: Disabled
 NUMA Support: Disabled
 Compressed Oops: Enabled (32-bit)
 Heap Region Size: 1M
 Heap Min Capacity: 8M
 Heap Initial Capacity: 60M
 Heap Max Capacity: 960M
 Pre-touch: Disabled
 Parallel Workers: 4
 Concurrent Workers: 1
 Concurrent Refinement Workers: 4
 Periodic GC: Disabled
Heap:
 garbage-first heap   total 129024K, used 96768K [0x00000000c4000000, 0x0000000100000000)
  region size 1024K, 33 young (33792K), 6 survivors (6144K)
 Metaspace       used 57866K, committed 58176K, reserved 1114112K
  class space    used 6396K, committed 6528K, reserved 1048576K
GC Heap History (20 events):
Event: 6.183 GC heap before
{Heap before GC invocations=15 (full 0):
 garbage-first heap   total 41984K, used 35483K [0x00000000c4000000, 0x0000000100000000)
  region size 1024K, 13 young (13312K), 2 survivors (2048K)
 Metaspace       used 49141K, committed 49472K, reserved 1114112K
  class space    used 5607K, committed 5760K, reserved 1048576K
}
Event: 6.193 GC heap after
{Heap after GC invocations=16 (full 0):
 garbage-first heap   total 41984K, used 27648K [0x00000000c4000000, 0x0000000100000000)
  region size 1024K, 2 young (2048K), 2 survivors (2048K)
 Metaspace       used 49141K, committed 49472K, reserved 1114112K
  class space    used 5607K, committed 5760K, reserved 1048576K
}
Event: 6.346 GC heap before
{Heap before GC invocations=16 (full 0):
 garbage-first heap   total 41984K, used 35840K [0x00000000c4000000, 0x0000000100000000)
  region size 1024K, 10 young (10240K), 2 survivors (2048K)
 Metaspace       used 49753K, committed 50048K, reserved 1114112K
  class space    used 5660K, committed 5824K, reserved 1048576K
}
Event: 6.352 GC heap after
{Heap after GC invocations=17 (full 0):
 garbage-first heap   total 51200K, used 29544K [0x00000000c4000000, 0x0000000100000000)
  region size 1024K, 2 young (2048K), 2 survivors (2048K)
 Metaspace       used 49753K, committed 50048K, reserved 1114112K
  class space    used 5660K, committed 5824K, reserved 1048576K
}
Event: 6.515 GC heap before
{Heap before GC invocations=18 (full 0):
 garbage-first heap   total 51200K, used 41832K [0x00000000c4000000, 0x0000000100000000)
  region size 1024K, 14 young (14336K), 2 survivors (2048K)
 Metaspace       used 49911K, committed 50240K, reserved 1114112K
  class space    used 5667K, committed 5824K, reserved 1048576K
}
Event: 6.523 GC heap after
{Heap after GC invocations=19 (full 0):
 garbage-first heap   total 51200K, used 34450K [0x00000000c4000000, 0x0000000100000000)
  region size 1024K, 2 young (2048K), 2 survivors (2048K)
 Metaspace       used 49911K, committed 50240K, reserved 1114112K
  class space    used 5667K, committed 5824K, reserved 1048576K
}
Event: 6.574 GC heap before
{Heap before GC invocations=19 (full 0):
 garbage-first heap   total 51200K, used 42642K [0x00000000c4000000, 0x0000000100000000)
  region size 1024K, 11 young (11264K), 2 survivors (2048K)
 Metaspace       used 49944K, committed 50304K, reserved 1114112K
  class space    used 5667K, committed 5824K, reserved 1048576K
}
Event: 6.581 GC heap after
{Heap after GC invocations=20 (full 0):
 garbage-first heap   total 51200K, used 37663K [0x00000000c4000000, 0x0000000100000000)
  region size 1024K, 2 young (2048K), 2 survivors (2048K)
 Metaspace       used 49944K, committed 50304K, reserved 1114112K
  class space    used 5667K, committed 5824K, reserved 1048576K
}
Event: 6.631 GC heap before
{Heap before GC invocations=20 (full 0):
 garbage-first heap   total 51200K, used 44831K [0x00000000c4000000, 0x0000000100000000)
  region size 1024K, 9 young (9216K), 2 survivors (2048K)
 Metaspace       used 49991K, committed 50304K, reserved 1114112K
  class space    used 5667K, committed 5824K, reserved 1048576K
}
Event: 6.637 GC heap after
{Heap after GC invocations=21 (full 0):
 garbage-first heap   total 51200K, used 40306K [0x00000000c4000000, 0x0000000100000000)
  region size 1024K, 2 young (2048K), 2 survivors (2048K)
 Metaspace       used 49991K, committed 50304K, reserved 1114112K
  class space    used 5667K, committed 5824K, reserved 1048576K
}
Event: 6.729 GC heap before
{Heap before GC invocations=21 (full 0):
 garbage-first heap   total 68608K, used 45426K [0x00000000c4000000, 0x0000000100000000)
  region size 1024K, 7 young (7168K), 2 survivors (2048K)
 Metaspace       used 50102K, committed 50432K, reserved 1114112K
  class space    used 5672K, committed 5824K, reserved 1048576K
}
Event: 6.733 GC heap after
{Heap after GC invocations=22 (full 0):
 garbage-first heap   total 68608K, used 41665K [0x00000000c4000000, 0x0000000100000000)
  region size 1024K, 1 young (1024K), 1 survivors (1024K)
 Metaspace       used 50102K, committed 50432K, reserved 1114112K
  class space    used 5672K, committed 5824K, reserved 1048576K
}
Event: 6.829 GC heap before
{Heap before GC invocations=23 (full 0):
 garbage-first heap   total 68608K, used 56001K [0x00000000c4000000, 0x0000000100000000)
  region size 1024K, 15 young (15360K), 1 survivors (1024K)
 Metaspace       used 50181K, committed 50496K, reserved 1114112K
  class space    used 5674K, committed 5824K, reserved 1048576K
}
Event: 6.836 GC heap after
{Heap after GC invocations=24 (full 0):
 garbage-first heap   total 129024K, used 46755K [0x00000000c4000000, 0x0000000100000000)
  region size 1024K, 2 young (2048K), 2 survivors (2048K)
 Metaspace       used 50181K, committed 50496K, reserved 1114112K
  class space    used 5674K, committed 5824K, reserved 1048576K
}
Event: 8.152 GC heap before
{Heap before GC invocations=24 (full 0):
 garbage-first heap   total 129024K, used 92835K [0x00000000c4000000, 0x0000000100000000)
  region size 1024K, 47 young (48128K), 2 survivors (2048K)
 Metaspace       used 54835K, committed 55168K, reserved 1114112K
  class space    used 6150K, committed 6272K, reserved 1048576K
}
Event: 8.169 GC heap after
{Heap after GC invocations=25 (full 0):
 garbage-first heap   total 129024K, used 54268K [0x00000000c4000000, 0x0000000100000000)
  region size 1024K, 6 young (6144K), 6 survivors (6144K)
 Metaspace       used 54835K, committed 55168K, reserved 1114112K
  class space    used 6150K, committed 6272K, reserved 1048576K
}
Event: 9.285 GC heap before
{Heap before GC invocations=25 (full 0):
 garbage-first heap   total 129024K, used 97276K [0x00000000c4000000, 0x0000000100000000)
  region size 1024K, 48 young (49152K), 6 survivors (6144K)
 Metaspace       used 56624K, committed 56896K, reserved 1114112K
  class space    used 6345K, committed 6464K, reserved 1048576K
}
Event: 9.304 GC heap after
{Heap after GC invocations=26 (full 0):
 garbage-first heap   total 129024K, used 64512K [0x00000000c4000000, 0x0000000100000000)
  region size 1024K, 6 young (6144K), 6 survivors (6144K)
 Metaspace       used 56624K, committed 56896K, reserved 1114112K
  class space    used 6345K, committed 6464K, reserved 1048576K
}
Event: 10.869 GC heap before
{Heap before GC invocations=27 (full 0):
 garbage-first heap   total 129024K, used 100352K [0x00000000c4000000, 0x0000000100000000)
  region size 1024K, 42 young (43008K), 6 survivors (6144K)
 Metaspace       used 57589K, committed 57920K, reserved 1114112K
  class space    used 6383K, committed 6528K, reserved 1048576K
}
Event: 10.887 GC heap after
{Heap after GC invocations=28 (full 0):
 garbage-first heap   total 129024K, used 70144K [0x00000000c4000000, 0x0000000100000000)
  region size 1024K, 6 young (6144K), 6 survivors (6144K)
 Metaspace       used 57589K, committed 57920K, reserved 1114112K
  class space    used 6383K, committed 6528K, reserved 1048576K
}

