# JRE version: OpenJDK Runtime Environment (21.0.6) (build 21.0.6+-13368085-b895.109)
# Java VM: OpenJDK 64-Bit Server VM (21.0.6+-13368085-b895.109, mixed mode, tiered, compressed oops, compressed class ptrs, g1 gc, windows-amd64)
GC Precious Log:
 CardTable entry size: 512
 Card Set container configuration: InlinePtr #cards 5 size 8 Array Of Cards #cards 12 size 40 Howl #buckets 4 coarsen threshold 1843 Howl Bitmap #cards 512 size 80 coarsen threshold 460 Card regions per heap region 1 cards per card region 2048
 CPUs: 4 total, 4 available
 Memory: 3838M
 Large Page Support: Disabled
 NUMA Support: Disabled
 Compressed Oops: Enabled (32-bit)
 Heap Region Size: 1M
 Heap Min Capacity: 8M
 Heap Initial Capacity: 60M
 Heap Max Capacity: 960M
 Pre-touch: Disabled
 Parallel Workers: 4
 Concurrent Workers: 1
 Concurrent Refinement Workers: 4
 Periodic GC: Disabled
Heap:
 garbage-first heap   total 210944K, used 107515K [0x00000000c4000000, 0x0000000100000000)
  region size 1024K, 17 young (17408K), 6 survivors (6144K)
 Metaspace       used 74052K, committed 74432K, reserved 1179648K
  class space    used 7724K, committed 7872K, reserved 1048576K
GC Heap History (20 events):
Event: 48.164 GC heap before
{Heap before GC invocations=26 (full 0):
 garbage-first heap   total 103424K, used 83811K [0x00000000c4000000, 0x0000000100000000)
  region size 1024K, 32 young (32768K), 5 survivors (5120K)
 Metaspace       used 56477K, committed 56768K, reserved 1114112K
  class space    used 6303K, committed 6464K, reserved 1048576K
}
Event: 48.512 GC heap after
{Heap after GC invocations=27 (full 0):
 garbage-first heap   total 103424K, used 63488K [0x00000000c4000000, 0x0000000100000000)
  region size 1024K, 4 young (4096K), 4 survivors (4096K)
 Metaspace       used 56477K, committed 56768K, reserved 1114112K
  class space    used 6303K, committed 6464K, reserved 1048576K
}
Event: 52.714 GC heap before
{Heap before GC invocations=27 (full 0):
 garbage-first heap   total 103424K, used 84992K [0x00000000c4000000, 0x0000000100000000)
  region size 1024K, 25 young (25600K), 4 survivors (4096K)
 Metaspace       used 57630K, committed 57984K, reserved 1114112K
  class space    used 6365K, committed 6528K, reserved 1048576K
}
Event: 52.764 GC heap after
{Heap after GC invocations=28 (full 0):
 garbage-first heap   total 103424K, used 66471K [0x00000000c4000000, 0x0000000100000000)
  region size 1024K, 3 young (3072K), 3 survivors (3072K)
 Metaspace       used 57630K, committed 57984K, reserved 1114112K
  class space    used 6365K, committed 6528K, reserved 1048576K
}
Event: 55.429 GC heap before
{Heap before GC invocations=29 (full 0):
 garbage-first heap   total 111616K, used 87975K [0x00000000c4000000, 0x0000000100000000)
  region size 1024K, 25 young (25600K), 3 survivors (3072K)
 Metaspace       used 57859K, committed 58176K, reserved 1114112K
  class space    used 6383K, committed 6528K, reserved 1048576K
}
Event: 55.454 GC heap after
{Heap after GC invocations=30 (full 0):
 garbage-first heap   total 111616K, used 69567K [0x00000000c4000000, 0x0000000100000000)
  region size 1024K, 4 young (4096K), 4 survivors (4096K)
 Metaspace       used 57859K, committed 58176K, reserved 1114112K
  class space    used 6383K, committed 6528K, reserved 1048576K
}
Event: 61.104 GC heap before
{Heap before GC invocations=30 (full 0):
 garbage-first heap   total 111616K, used 96191K [0x00000000c4000000, 0x0000000100000000)
  region size 1024K, 30 young (30720K), 4 survivors (4096K)
 Metaspace       used 58156K, committed 58432K, reserved 1114112K
  class space    used 6395K, committed 6528K, reserved 1048576K
}
Event: 61.157 GC heap after
{Heap after GC invocations=31 (full 0):
 garbage-first heap   total 111616K, used 71267K [0x00000000c4000000, 0x0000000100000000)
  region size 1024K, 3 young (3072K), 3 survivors (3072K)
 Metaspace       used 58156K, committed 58432K, reserved 1114112K
  class space    used 6395K, committed 6528K, reserved 1048576K
}
Event: 65.705 GC heap before
{Heap before GC invocations=31 (full 0):
 garbage-first heap   total 111616K, used 97891K [0x00000000c4000000, 0x0000000100000000)
  region size 1024K, 29 young (29696K), 3 survivors (3072K)
 Metaspace       used 61533K, committed 61888K, reserved 1114112K
  class space    used 6683K, committed 6848K, reserved 1048576K
}
Event: 65.736 GC heap after
{Heap after GC invocations=32 (full 0):
 garbage-first heap   total 111616K, used 74383K [0x00000000c4000000, 0x0000000100000000)
  region size 1024K, 3 young (3072K), 3 survivors (3072K)
 Metaspace       used 61533K, committed 61888K, reserved 1114112K
  class space    used 6683K, committed 6848K, reserved 1048576K
}
Event: 70.624 GC heap before
{Heap before GC invocations=33 (full 0):
 garbage-first heap   total 124928K, used 99983K [0x00000000c4000000, 0x0000000100000000)
  region size 1024K, 28 young (28672K), 3 survivors (3072K)
 Metaspace       used 62171K, committed 62464K, reserved 1114112K
  class space    used 6705K, committed 6848K, reserved 1048576K
}
Event: 70.658 GC heap after
{Heap after GC invocations=34 (full 0):
 garbage-first heap   total 124928K, used 78380K [0x00000000c4000000, 0x0000000100000000)
  region size 1024K, 4 young (4096K), 4 survivors (4096K)
 Metaspace       used 62171K, committed 62464K, reserved 1114112K
  class space    used 6705K, committed 6848K, reserved 1048576K
}
Event: 71.727 GC heap before
{Heap before GC invocations=34 (full 0):
 garbage-first heap   total 124928K, used 110124K [0x00000000c4000000, 0x0000000100000000)
  region size 1024K, 35 young (35840K), 4 survivors (4096K)
 Metaspace       used 62583K, committed 62912K, reserved 1114112K
  class space    used 6712K, committed 6848K, reserved 1048576K
}
Event: 71.802 GC heap after
{Heap after GC invocations=35 (full 0):
 garbage-first heap   total 124928K, used 86016K [0x00000000c4000000, 0x0000000100000000)
  region size 1024K, 5 young (5120K), 5 survivors (5120K)
 Metaspace       used 62583K, committed 62912K, reserved 1114112K
  class space    used 6712K, committed 6848K, reserved 1048576K
}
Event: 73.728 GC heap before
{Heap before GC invocations=35 (full 0):
 garbage-first heap   total 124928K, used 110592K [0x00000000c4000000, 0x0000000100000000)
  region size 1024K, 29 young (29696K), 5 survivors (5120K)
 Metaspace       used 67859K, committed 68160K, reserved 1114112K
  class space    used 7219K, committed 7360K, reserved 1048576K
}
Event: 73.756 GC heap after
{Heap after GC invocations=36 (full 0):
 garbage-first heap   total 124928K, used 89043K [0x00000000c4000000, 0x0000000100000000)
  region size 1024K, 3 young (3072K), 3 survivors (3072K)
 Metaspace       used 67859K, committed 68160K, reserved 1114112K
  class space    used 7219K, committed 7360K, reserved 1048576K
}
Event: 74.637 GC heap before
{Heap before GC invocations=37 (full 0):
 garbage-first heap   total 150528K, used 112595K [0x00000000c4000000, 0x0000000100000000)
  region size 1024K, 26 young (26624K), 3 survivors (3072K)
 Metaspace       used 69379K, committed 69696K, reserved 1114112K
  class space    used 7336K, committed 7488K, reserved 1048576K
}
Event: 74.651 GC heap after
{Heap after GC invocations=38 (full 0):
 garbage-first heap   total 150528K, used 93184K [0x00000000c4000000, 0x0000000100000000)
  region size 1024K, 4 young (4096K), 4 survivors (4096K)
 Metaspace       used 69379K, committed 69696K, reserved 1114112K
  class space    used 7336K, committed 7488K, reserved 1048576K
}
Event: 76.176 GC heap before
{Heap before GC invocations=38 (full 0):
 garbage-first heap   total 150528K, used 131072K [0x00000000c4000000, 0x0000000100000000)
  region size 1024K, 42 young (43008K), 4 survivors (4096K)
 Metaspace       used 73713K, committed 74048K, reserved 1179648K
  class space    used 7692K, committed 7808K, reserved 1048576K
}
Event: 76.199 GC heap after
{Heap after GC invocations=39 (full 0):
 garbage-first heap   total 210944K, used 97275K [0x00000000c4000000, 0x0000000100000000)
  region size 1024K, 6 young (6144K), 6 survivors (6144K)
 Metaspace       used 73713K, committed 74048K, reserved 1179648K
  class space    used 7692K, committed 7808K, reserved 1048576K
}

