# JRE version: OpenJDK Runtime Environment (21.0.6) (build 21.0.6+-13368085-b895.109)
# Java VM: OpenJDK 64-Bit Server VM (21.0.6+-13368085-b895.109, mixed mode, tiered, compressed oops, compressed class ptrs, g1 gc, windows-amd64)
GC Precious Log:
 CardTable entry size: 512
 Card Set container configuration: InlinePtr #cards 5 size 8 Array Of Cards #cards 12 size 40 Howl #buckets 4 coarsen threshold 1843 Howl Bitmap #cards 512 size 80 coarsen threshold 460 Card regions per heap region 1 cards per card region 2048
 CPUs: 4 total, 4 available
 Memory: 3838M
 Large Page Support: Disabled
 NUMA Support: Disabled
 Compressed Oops: Enabled (32-bit)
 Heap Region Size: 1M
 Heap Min Capacity: 8M
 Heap Initial Capacity: 60M
 Heap Max Capacity: 2G
 Pre-touch: Disabled
 Parallel Workers: 4
 Concurrent Workers: 1
 Concurrent Refinement Workers: 4
 Periodic GC: Disabled
Heap:
 garbage-first heap   total 220160K, used 137065K [0x0000000080000000, 0x0000000100000000)
  region size 1024K, 6 young (6144K), 6 survivors (6144K)
 Metaspace       used 130946K, committed 133312K, reserved 1179648K
  class space    used 18011K, committed 19200K, reserved 1048576K
GC Heap History (20 events):
Event: 24.238 GC heap after
{Heap after GC invocations=48 (full 0):
 garbage-first heap   total 165888K, used 101748K [0x0000000080000000, 0x0000000100000000)
  region size 1024K, 8 young (8192K), 8 survivors (8192K)
 Metaspace       used 110184K, committed 112384K, reserved 1179648K
  class space    used 15174K, committed 16320K, reserved 1048576K
}
Event: 25.359 GC heap before
{Heap before GC invocations=48 (full 0):
 garbage-first heap   total 165888K, used 145780K [0x0000000080000000, 0x0000000100000000)
  region size 1024K, 52 young (53248K), 8 survivors (8192K)
 Metaspace       used 111298K, committed 113536K, reserved 1179648K
  class space    used 15299K, committed 16448K, reserved 1048576K
}
Event: 25.376 GC heap after
{Heap after GC invocations=49 (full 0):
 garbage-first heap   total 165888K, used 107121K [0x0000000080000000, 0x0000000100000000)
  region size 1024K, 7 young (7168K), 7 survivors (7168K)
 Metaspace       used 111298K, committed 113536K, reserved 1179648K
  class space    used 15299K, committed 16448K, reserved 1048576K
}
Event: 26.337 GC heap before
{Heap before GC invocations=49 (full 0):
 garbage-first heap   total 165888K, used 148081K [0x0000000080000000, 0x0000000100000000)
  region size 1024K, 48 young (49152K), 7 survivors (7168K)
 Metaspace       used 111828K, committed 114048K, reserved 1179648K
  class space    used 15398K, committed 16512K, reserved 1048576K
}
Event: 26.358 GC heap after
{Heap after GC invocations=50 (full 0):
 garbage-first heap   total 165888K, used 109467K [0x0000000080000000, 0x0000000100000000)
  region size 1024K, 5 young (5120K), 5 survivors (5120K)
 Metaspace       used 111828K, committed 114048K, reserved 1179648K
  class space    used 15398K, committed 16512K, reserved 1048576K
}
Event: 27.580 GC heap before
{Heap before GC invocations=51 (full 0):
 garbage-first heap   total 183296K, used 147355K [0x0000000080000000, 0x0000000100000000)
  region size 1024K, 44 young (45056K), 5 survivors (5120K)
 Metaspace       used 112104K, committed 114240K, reserved 1179648K
  class space    used 15429K, committed 16512K, reserved 1048576K
}
Event: 27.589 GC heap after
{Heap after GC invocations=52 (full 0):
 garbage-first heap   total 183296K, used 110940K [0x0000000080000000, 0x0000000100000000)
  region size 1024K, 5 young (5120K), 5 survivors (5120K)
 Metaspace       used 112104K, committed 114240K, reserved 1179648K
  class space    used 15429K, committed 16512K, reserved 1048576K
}
Event: 29.320 GC heap before
{Heap before GC invocations=52 (full 0):
 garbage-first heap   total 183296K, used 166236K [0x0000000080000000, 0x0000000100000000)
  region size 1024K, 60 young (61440K), 5 survivors (5120K)
 Metaspace       used 115053K, committed 117248K, reserved 1179648K
  class space    used 15788K, committed 16896K, reserved 1048576K
}
Event: 29.340 GC heap after
{Heap after GC invocations=53 (full 0):
 garbage-first heap   total 183296K, used 113269K [0x0000000080000000, 0x0000000100000000)
  region size 1024K, 8 young (8192K), 8 survivors (8192K)
 Metaspace       used 115053K, committed 117248K, reserved 1179648K
  class space    used 15788K, committed 16896K, reserved 1048576K
}
Event: 30.123 GC heap before
{Heap before GC invocations=53 (full 0):
 garbage-first heap   total 183296K, used 163445K [0x0000000080000000, 0x0000000100000000)
  region size 1024K, 58 young (59392K), 8 survivors (8192K)
 Metaspace       used 115519K, committed 117760K, reserved 1179648K
  class space    used 15863K, committed 16960K, reserved 1048576K
}
Event: 30.144 GC heap after
{Heap after GC invocations=54 (full 0):
 garbage-first heap   total 183296K, used 115649K [0x0000000080000000, 0x0000000100000000)
  region size 1024K, 5 young (5120K), 5 survivors (5120K)
 Metaspace       used 115519K, committed 117760K, reserved 1179648K
  class space    used 15863K, committed 16960K, reserved 1048576K
}
Event: 58.114 GC heap before
{Heap before GC invocations=55 (full 0):
 garbage-first heap   total 194560K, used 170945K [0x0000000080000000, 0x0000000100000000)
  region size 1024K, 55 young (56320K), 5 survivors (5120K)
 Metaspace       used 118927K, committed 121216K, reserved 1179648K
  class space    used 16258K, committed 17408K, reserved 1048576K
}
Event: 58.175 GC heap after
{Heap after GC invocations=56 (full 0):
 garbage-first heap   total 194560K, used 118000K [0x0000000080000000, 0x0000000100000000)
  region size 1024K, 5 young (5120K), 5 survivors (5120K)
 Metaspace       used 118927K, committed 121216K, reserved 1179648K
  class space    used 16258K, committed 17408K, reserved 1048576K
}
Event: 60.123 GC heap before
{Heap before GC invocations=56 (full 0):
 garbage-first heap   total 194560K, used 177392K [0x0000000080000000, 0x0000000100000000)
  region size 1024K, 64 young (65536K), 5 survivors (5120K)
 Metaspace       used 122289K, committed 124608K, reserved 1179648K
  class space    used 16704K, committed 17856K, reserved 1048576K
}
Event: 60.206 GC heap after
{Heap after GC invocations=57 (full 0):
 garbage-first heap   total 194560K, used 123586K [0x0000000080000000, 0x0000000100000000)
  region size 1024K, 8 young (8192K), 8 survivors (8192K)
 Metaspace       used 122289K, committed 124608K, reserved 1179648K
  class space    used 16704K, committed 17856K, reserved 1048576K
}
Event: 61.716 GC heap before
{Heap before GC invocations=57 (full 0):
 garbage-first heap   total 194560K, used 174786K [0x0000000080000000, 0x0000000100000000)
  region size 1024K, 59 young (60416K), 8 survivors (8192K)
 Metaspace       used 124485K, committed 126784K, reserved 1179648K
  class space    used 17012K, committed 18176K, reserved 1048576K
}
Event: 61.805 GC heap after
{Heap after GC invocations=58 (full 0):
 garbage-first heap   total 194560K, used 131577K [0x0000000080000000, 0x0000000100000000)
  region size 1024K, 8 young (8192K), 8 survivors (8192K)
 Metaspace       used 124485K, committed 126784K, reserved 1179648K
  class space    used 17012K, committed 18176K, reserved 1048576K
}
Event: 67.231 GC heap before
{Heap before GC invocations=59 (full 0):
 garbage-first heap   total 220160K, used 172537K [0x0000000080000000, 0x0000000100000000)
  region size 1024K, 49 young (50176K), 8 survivors (8192K)
 Metaspace       used 126708K, committed 129024K, reserved 1179648K
  class space    used 17389K, committed 18560K, reserved 1048576K
}
Event: 67.261 GC heap after
{Heap after GC invocations=60 (full 0):
 garbage-first heap   total 220160K, used 135205K [0x0000000080000000, 0x0000000100000000)
  region size 1024K, 4 young (4096K), 4 survivors (4096K)
 Metaspace       used 126708K, committed 129024K, reserved 1179648K
  class space    used 17389K, committed 18560K, reserved 1048576K
}
Event: 69.877 GC heap before
{Heap before GC invocations=60 (full 0):
 garbage-first heap   total 220160K, used 200741K [0x0000000080000000, 0x0000000100000000)
  region size 1024K, 67 young (68608K), 4 survivors (4096K)
 Metaspace       used 130946K, committed 133312K, reserved 1179648K
  class space    used 18011K, committed 19200K, reserved 1048576K
}

